0 verbose cli C:\Program Files\nodejs\node.exe C:\Users\ziad_abdallah\AppData\Roaming\npm\node_modules\npm\bin\npm-cli.js
1 info using npm@11.6.4
2 info using node@v24.12.0
3 silly config load:file:C:\Users\ziad_abdallah\AppData\Roaming\npm\node_modules\npm\npmrc
4 silly config load:file:C:\Users\ziad_abdallah\OneDrive\Desktop\PTS Hero page\.npmrc
5 silly config load:file:C:\Users\ziad_abdallah\.npmrc
6 silly config load:file:C:\Users\ziad_abdallah\AppData\Roaming\npm\etc\npmrc
7 verbose title npm install
8 verbose argv "install" "--package-lock-only" "--ignore-scripts" "--cache" ".\\.npm-cache"
9 verbose logfile logs-max:10 dir:C:\Users\ziad_abdallah\OneDrive\Desktop\PTS Hero page\.npm-cache\_logs\2026-05-26T15_46_11_538Z-
10 verbose logfile C:\Users\ziad_abdallah\OneDrive\Desktop\PTS Hero page\.npm-cache\_logs\2026-05-26T15_46_11_538Z-debug-0.log
11 silly logfile done cleaning log files
12 http fetch GET https://registry.npmjs.org/npm attempt 1 failed with ECONNREFUSED
13 silly packumentCache heap:4496293888 maxSize:1124073472 maxEntrySize:562036736
14 silly idealTree buildDeps
15 http cache https://registry.npmjs.org/@tailwindcss/oxide-wasm32-wasi/-/oxide-wasm32-wasi-4.3.0.tgz 0ms (cache hit)
16 silly tarball no local data for https://registry.npmjs.org/@tailwindcss/oxide-wasm32-wasi/-/oxide-wasm32-wasi-4.3.0.tgz. Extracting by manifest.
17 verbose stack Error: request to https://registry.npmjs.org/@tailwindcss/oxide-wasm32-wasi/-/oxide-wasm32-wasi-4.3.0.tgz failed: cache mode is 'only-if-cached' but no cached response is available.
17 verbose stack     at cacheFetch (C:\Users\ziad_abdallah\AppData\Roaming\npm\node_modules\npm\node_modules\make-fetch-happen\lib\cache\index.js:12:13)
17 verbose stack     at async fetch (C:\Users\ziad_abdallah\AppData\Roaming\npm\node_modules\npm\node_modules\make-fetch-happen\lib\fetch.js:98:7)
18 error code ENOTCACHED
19 error request to https://registry.npmjs.org/@tailwindcss/oxide-wasm32-wasi/-/oxide-wasm32-wasi-4.3.0.tgz failed: cache mode is 'only-if-cached' but no cached response is available.
20 silly unfinished npm timer reify 1779810372004
21 silly unfinished npm timer reify:loadTrees 1779810372004
22 silly unfinished npm timer idealTree:buildDeps 1779810372227
23 silly unfinished npm timer idealTree:node_modules/@tailwindcss/oxide-wasm32-wasi 1779810372229
24 verbose cwd C:\Users\ziad_abdallah\OneDrive\Desktop\PTS Hero page
25 verbose os Windows_NT 10.0.26200
26 verbose node v24.12.0
27 verbose npm  v11.6.4
28 verbose exit 1
29 verbose code 1
30 error A complete log of this run can be found in: C:\Users\ziad_abdallah\OneDrive\Desktop\PTS Hero page\.npm-cache\_logs\2026-05-26T15_46_11_538Z-debug-0.log
